0 info it worked if it ends with ok
1 verbose cli [ '/usr/bin/node',
1 verbose cli   '/usr/bin/npm',
1 verbose cli   'install',
1 verbose cli   '--save',
1 verbose cli   'wepack',
1 verbose cli   'webpack-cli',
1 verbose cli   'react',
1 verbose cli   'react-dom',
1 verbose cli   'react-redux',
1 verbose cli   'redux',
1 verbose cli   'redux-logger',
1 verbose cli   '@babel/core',
1 verbose cli   '@babel/preset-react',
1 verbose cli   '@babel/preset-env',
1 verbose cli   '@babel-loader' ]
2 info using npm@3.5.2
3 info using node@v8.10.0
4 silly loadCurrentTree Starting
5 silly install loadCurrentTree
6 silly install readLocalPackageData
7 silly fetchPackageMetaData wepack
8 silly fetchPackageMetaData webpack-cli
9 silly fetchPackageMetaData react
10 silly fetchPackageMetaData react-dom
11 silly fetchPackageMetaData react-redux@^7.1.3
12 silly fetchPackageMetaData redux@^4.0.5
13 silly fetchPackageMetaData redux-logger@^3.0.6
14 silly fetchPackageMetaData @babel/core
15 silly fetchPackageMetaData @babel/preset-react
16 silly fetchPackageMetaData @babel/preset-env
17 silly fetchPackageMetaData @babel-loader
18 silly fetchNamedPackageData react-redux
19 silly mapToRegistry name react-redux
20 silly mapToRegistry using default registry
21 silly mapToRegistry registry https://registry.npmjs.org/
22 silly mapToRegistry uri https://registry.npmjs.org/react-redux
23 silly fetchNamedPackageData redux
24 silly mapToRegistry name redux
25 silly mapToRegistry using default registry
26 silly mapToRegistry registry https://registry.npmjs.org/
27 silly mapToRegistry uri https://registry.npmjs.org/redux
28 silly fetchNamedPackageData redux-logger
29 silly mapToRegistry name redux-logger
30 silly mapToRegistry using default registry
31 silly mapToRegistry registry https://registry.npmjs.org/
32 silly mapToRegistry uri https://registry.npmjs.org/redux-logger
33 silly fetchNamedPackageData wepack
34 silly mapToRegistry name wepack
35 silly mapToRegistry using default registry
36 silly mapToRegistry registry https://registry.npmjs.org/
37 silly mapToRegistry uri https://registry.npmjs.org/wepack
38 silly fetchNamedPackageData webpack-cli
39 silly mapToRegistry name webpack-cli
40 silly mapToRegistry using default registry
41 silly mapToRegistry registry https://registry.npmjs.org/
42 silly mapToRegistry uri https://registry.npmjs.org/webpack-cli
43 silly fetchNamedPackageData react
44 silly mapToRegistry name react
45 silly mapToRegistry using default registry
46 silly mapToRegistry registry https://registry.npmjs.org/
47 silly mapToRegistry uri https://registry.npmjs.org/react
48 silly fetchNamedPackageData react-dom
49 silly mapToRegistry name react-dom
50 silly mapToRegistry using default registry
51 silly mapToRegistry registry https://registry.npmjs.org/
52 silly mapToRegistry uri https://registry.npmjs.org/react-dom
53 silly fetchNamedPackageData @babel/core
54 silly mapToRegistry name @babel/core
55 silly mapToRegistry scope (from package name) @babel
56 verbose mapToRegistry no registry URL found in name for scope @babel
57 silly mapToRegistry using default registry
58 silly mapToRegistry registry https://registry.npmjs.org/
59 silly mapToRegistry uri https://registry.npmjs.org/@babel%2fcore
60 silly fetchNamedPackageData @babel/preset-react
61 silly mapToRegistry name @babel/preset-react
62 silly mapToRegistry scope (from package name) @babel
63 verbose mapToRegistry no registry URL found in name for scope @babel
64 silly mapToRegistry using default registry
65 silly mapToRegistry registry https://registry.npmjs.org/
66 silly mapToRegistry uri https://registry.npmjs.org/@babel%2fpreset-react
67 silly fetchNamedPackageData @babel/preset-env
68 silly mapToRegistry name @babel/preset-env
69 silly mapToRegistry scope (from package name) @babel
70 verbose mapToRegistry no registry URL found in name for scope @babel
71 silly mapToRegistry using default registry
72 silly mapToRegistry registry https://registry.npmjs.org/
73 silly mapToRegistry uri https://registry.npmjs.org/@babel%2fpreset-env
74 silly fetchOtherPackageData @babel-loader
75 silly cache add args [ '@babel-loader', null ]
76 verbose cache add spec @babel-loader
77 verbose request uri https://registry.npmjs.org/wepack
78 verbose request no auth needed
79 info attempt registry request try #1 at 10:42:07 AM
80 verbose request id a1536b0cd5b9100d
81 http request GET https://registry.npmjs.org/wepack
82 silly cache add parsed spec Result {
82 silly cache add   raw: '@babel-loader',
82 silly cache add   scope: null,
82 silly cache add   name: null,
82 silly cache add   rawSpec: '@babel-loader',
82 silly cache add   spec: '/home/vr38dett/aA/fsp/LittleJohn/@babel-loader',
82 silly cache add   type: 'local' }
83 error addLocal Could not install /home/vr38dett/aA/fsp/LittleJohn/@babel-loader
84 silly fetchPackageMetaData Error: ENOENT: no such file or directory, open '/home/vr38dett/aA/fsp/LittleJohn/@babel-loader'
84 silly fetchPackageMetaData  error for @babel-loader { Error: ENOENT: no such file or directory, open '/home/vr38dett/aA/fsp/LittleJohn/@babel-loader'
84 silly fetchPackageMetaData   errno: -2,
84 silly fetchPackageMetaData   code: 'ENOENT',
84 silly fetchPackageMetaData   syscall: 'open',
84 silly fetchPackageMetaData   path: '/home/vr38dett/aA/fsp/LittleJohn/@babel-loader' }
85 verbose request uri https://registry.npmjs.org/react-redux
86 verbose request no auth needed
87 info attempt registry request try #1 at 10:42:07 AM
88 verbose etag W/"172b4f3848e465c41b87f8b7e7503ce6"
89 verbose lastModified Wed, 06 Nov 2019 04:02:36 GMT
90 http request GET https://registry.npmjs.org/react-redux
91 verbose request uri https://registry.npmjs.org/react
92 verbose request no auth needed
93 info attempt registry request try #1 at 10:42:07 AM
94 verbose etag W/"5964cac02ccc74d61c961de5409e2897"
95 verbose lastModified Tue, 07 Jan 2020 13:06:59 GMT
96 http request GET https://registry.npmjs.org/react
97 verbose request uri https://registry.npmjs.org/webpack-cli
98 verbose request no auth needed
99 info attempt registry request try #1 at 10:42:07 AM
100 verbose etag W/"467bff6f22817346bb50fd95e64813c7"
101 verbose lastModified Fri, 15 Nov 2019 15:28:23 GMT
102 http request GET https://registry.npmjs.org/webpack-cli
103 verbose request uri https://registry.npmjs.org/react-dom
104 verbose request no auth needed
105 info attempt registry request try #1 at 10:42:07 AM
106 verbose etag W/"342ef104fe4e8befe3d676372a1ce765"
107 verbose lastModified Wed, 18 Dec 2019 14:59:17 GMT
108 http request GET https://registry.npmjs.org/react-dom
109 verbose request uri https://registry.npmjs.org/redux
110 verbose request no auth needed
111 info attempt registry request try #1 at 10:42:07 AM
112 verbose etag W/"9272185760ee0787371049fc69f14ecb"
113 verbose lastModified Tue, 24 Dec 2019 02:23:04 GMT
114 http request GET https://registry.npmjs.org/redux
115 verbose request uri https://registry.npmjs.org/redux-logger
116 verbose request no auth needed
117 info attempt registry request try #1 at 10:42:07 AM
118 verbose etag W/"ee72825c4888160fee449504956f604d"
119 verbose lastModified Fri, 29 Mar 2019 20:09:33 GMT
120 http request GET https://registry.npmjs.org/redux-logger
121 verbose request uri https://registry.npmjs.org/@babel%2fcore
122 verbose request no auth needed
123 info attempt registry request try #1 at 10:42:07 AM
124 verbose etag W/"85504562e05fa70d3571a86832e5c2b9"
125 verbose lastModified Thu, 19 Dec 2019 00:53:25 GMT
126 http request GET https://registry.npmjs.org/@babel%2fcore
127 verbose request uri https://registry.npmjs.org/@babel%2fpreset-react
128 verbose request no auth needed
129 info attempt registry request try #1 at 10:42:07 AM
130 verbose etag W/"b3d2b2ad0ec75e57122ba7038957b2c2"
131 verbose lastModified Fri, 22 Nov 2019 23:33:41 GMT
132 http request GET https://registry.npmjs.org/@babel%2fpreset-react
133 verbose request uri https://registry.npmjs.org/@babel%2fpreset-env
134 verbose request no auth needed
135 info attempt registry request try #1 at 10:42:07 AM
136 verbose etag W/"b0c3f42ed5f9f5de9c2d0f17d10e7368"
137 verbose lastModified Thu, 19 Dec 2019 00:53:20 GMT
138 http request GET https://registry.npmjs.org/@babel%2fpreset-env
139 http 304 https://registry.npmjs.org/react-redux
140 verbose headers { date: 'Tue, 07 Jan 2020 18:42:08 GMT',
140 verbose headers   connection: 'keep-alive',
140 verbose headers   'set-cookie':
140 verbose headers    [ '__cfduid=d7ac0b6b829f3d7a0e0fd9361b452bedb1578422528; expires=Thu, 06-Feb-20 18:42:08 GMT; path=/; domain=.npmjs.org; HttpOnly; SameSite=Lax' ],
140 verbose headers   'cf-ray': '551811e00e9f962f-SJC',
140 verbose headers   age: '5920',
140 verbose headers   'cache-control': 'public, max-age=300',
140 verbose headers   etag: '"172b4f3848e465c41b87f8b7e7503ce6"',
140 verbose headers   'last-modified': 'Wed, 06 Nov 2019 04:02:36 GMT',
140 verbose headers   vary: 'Accept-Encoding',
140 verbose headers   'cf-cache-status': 'HIT',
140 verbose headers   'expect-ct': 'max-age=604800, report-uri="https://report-uri.cloudflare.com/cdn-cgi/beacon/expect-ct"',
140 verbose headers   server: 'cloudflare' }
141 silly get cb [ 304,
141 silly get   { date: 'Tue, 07 Jan 2020 18:42:08 GMT',
141 silly get     connection: 'keep-alive',
141 silly get     'set-cookie':
141 silly get      [ '__cfduid=d7ac0b6b829f3d7a0e0fd9361b452bedb1578422528; expires=Thu, 06-Feb-20 18:42:08 GMT; path=/; domain=.npmjs.org; HttpOnly; SameSite=Lax' ],
141 silly get     'cf-ray': '551811e00e9f962f-SJC',
141 silly get     age: '5920',
141 silly get     'cache-control': 'public, max-age=300',
141 silly get     etag: '"172b4f3848e465c41b87f8b7e7503ce6"',
141 silly get     'last-modified': 'Wed, 06 Nov 2019 04:02:36 GMT',
141 silly get     vary: 'Accept-Encoding',
141 silly get     'cf-cache-status': 'HIT',
141 silly get     'expect-ct': 'max-age=604800, report-uri="https://report-uri.cloudflare.com/cdn-cgi/beacon/expect-ct"',
141 silly get     server: 'cloudflare' } ]
142 verbose etag https://registry.npmjs.org/react-redux from cache
143 verbose get saving react-redux to /home/vr38dett/.npm/registry.npmjs.org/react-redux/.cache.json
144 http 304 https://registry.npmjs.org/redux-logger
145 verbose headers { date: 'Tue, 07 Jan 2020 18:42:08 GMT',
145 verbose headers   connection: 'keep-alive',
145 verbose headers   'set-cookie':
145 verbose headers    [ '__cfduid=d84dc955eb4e4067185ab5c2c88144cff1578422528; expires=Thu, 06-Feb-20 18:42:08 GMT; path=/; domain=.npmjs.org; HttpOnly; SameSite=Lax' ],
145 verbose headers   'cf-ray': '551811e01d8d6d04-SJC',
145 verbose headers   age: '4054',
145 verbose headers   'cache-control': 'public, max-age=300',
145 verbose headers   etag: '"ee72825c4888160fee449504956f604d"',
145 verbose headers   'last-modified': 'Fri, 29 Mar 2019 20:09:33 GMT',
145 verbose headers   vary: 'Accept-Encoding',
145 verbose headers   'cf-cache-status': 'HIT',
145 verbose headers   'expect-ct': 'max-age=604800, report-uri="https://report-uri.cloudflare.com/cdn-cgi/beacon/expect-ct"',
145 verbose headers   server: 'cloudflare' }
146 silly get cb [ 304,
146 silly get   { date: 'Tue, 07 Jan 2020 18:42:08 GMT',
146 silly get     connection: 'keep-alive',
146 silly get     'set-cookie':
146 silly get      [ '__cfduid=d84dc955eb4e4067185ab5c2c88144cff1578422528; expires=Thu, 06-Feb-20 18:42:08 GMT; path=/; domain=.npmjs.org; HttpOnly; SameSite=Lax' ],
146 silly get     'cf-ray': '551811e01d8d6d04-SJC',
146 silly get     age: '4054',
146 silly get     'cache-control': 'public, max-age=300',
146 silly get     etag: '"ee72825c4888160fee449504956f604d"',
146 silly get     'last-modified': 'Fri, 29 Mar 2019 20:09:33 GMT',
146 silly get     vary: 'Accept-Encoding',
146 silly get     'cf-cache-status': 'HIT',
146 silly get     'expect-ct': 'max-age=604800, report-uri="https://report-uri.cloudflare.com/cdn-cgi/beacon/expect-ct"',
146 silly get     server: 'cloudflare' } ]
147 verbose etag https://registry.npmjs.org/redux-logger from cache
148 verbose get saving redux-logger to /home/vr38dett/.npm/registry.npmjs.org/redux-logger/.cache.json
149 http 304 https://registry.npmjs.org/react
150 verbose headers { date: 'Tue, 07 Jan 2020 18:42:08 GMT',
150 verbose headers   connection: 'keep-alive',
150 verbose headers   'set-cookie':
150 verbose headers    [ '__cfduid=d0af36d370c38660bfcb8de251664a8f71578422528; expires=Thu, 06-Feb-20 18:42:08 GMT; path=/; domain=.npmjs.org; HttpOnly; SameSite=Lax' ],
150 verbose headers   'cf-ray': '551811e02cf5513e-SJC',
150 verbose headers   age: '4739',
150 verbose headers   'cache-control': 'public, max-age=300',
150 verbose headers   etag: '"5964cac02ccc74d61c961de5409e2897"',
150 verbose headers   'last-modified': 'Tue, 07 Jan 2020 13:06:59 GMT',
150 verbose headers   vary: 'Accept-Encoding',
150 verbose headers   'cf-cache-status': 'HIT',
150 verbose headers   'expect-ct': 'max-age=604800, report-uri="https://report-uri.cloudflare.com/cdn-cgi/beacon/expect-ct"',
150 verbose headers   server: 'cloudflare' }
151 silly get cb [ 304,
151 silly get   { date: 'Tue, 07 Jan 2020 18:42:08 GMT',
151 silly get     connection: 'keep-alive',
151 silly get     'set-cookie':
151 silly get      [ '__cfduid=d0af36d370c38660bfcb8de251664a8f71578422528; expires=Thu, 06-Feb-20 18:42:08 GMT; path=/; domain=.npmjs.org; HttpOnly; SameSite=Lax' ],
151 silly get     'cf-ray': '551811e02cf5513e-SJC',
151 silly get     age: '4739',
151 silly get     'cache-control': 'public, max-age=300',
151 silly get     etag: '"5964cac02ccc74d61c961de5409e2897"',
151 silly get     'last-modified': 'Tue, 07 Jan 2020 13:06:59 GMT',
151 silly get     vary: 'Accept-Encoding',
151 silly get     'cf-cache-status': 'HIT',
151 silly get     'expect-ct': 'max-age=604800, report-uri="https://report-uri.cloudflare.com/cdn-cgi/beacon/expect-ct"',
151 silly get     server: 'cloudflare' } ]
152 verbose etag https://registry.npmjs.org/react from cache
153 verbose get saving react to /home/vr38dett/.npm/registry.npmjs.org/react/.cache.json
154 http 304 https://registry.npmjs.org/react-dom
155 verbose headers { date: 'Tue, 07 Jan 2020 18:42:08 GMT',
155 verbose headers   connection: 'keep-alive',
155 verbose headers   'set-cookie':
155 verbose headers    [ '__cfduid=d30db4c9f19469b7d3015dfbd990481891578422528; expires=Thu, 06-Feb-20 18:42:08 GMT; path=/; domain=.npmjs.org; HttpOnly; SameSite=Lax' ],
155 verbose headers   'cf-ray': '551811e0281fed6b-SJC',
155 verbose headers   age: '6223',
155 verbose headers   'cache-control': 'public, max-age=300',
155 verbose headers   etag: '"342ef104fe4e8befe3d676372a1ce765"',
155 verbose headers   'last-modified': 'Wed, 18 Dec 2019 14:59:17 GMT',
155 verbose headers   vary: 'Accept-Encoding',
155 verbose headers   'cf-cache-status': 'HIT',
155 verbose headers   'expect-ct': 'max-age=604800, report-uri="https://report-uri.cloudflare.com/cdn-cgi/beacon/expect-ct"',
155 verbose headers   server: 'cloudflare' }
156 silly get cb [ 304,
156 silly get   { date: 'Tue, 07 Jan 2020 18:42:08 GMT',
156 silly get     connection: 'keep-alive',
156 silly get     'set-cookie':
156 silly get      [ '__cfduid=d30db4c9f19469b7d3015dfbd990481891578422528; expires=Thu, 06-Feb-20 18:42:08 GMT; path=/; domain=.npmjs.org; HttpOnly; SameSite=Lax' ],
156 silly get     'cf-ray': '551811e0281fed6b-SJC',
156 silly get     age: '6223',
156 silly get     'cache-control': 'public, max-age=300',
156 silly get     etag: '"342ef104fe4e8befe3d676372a1ce765"',
156 silly get     'last-modified': 'Wed, 18 Dec 2019 14:59:17 GMT',
156 silly get     vary: 'Accept-Encoding',
156 silly get     'cf-cache-status': 'HIT',
156 silly get     'expect-ct': 'max-age=604800, report-uri="https://report-uri.cloudflare.com/cdn-cgi/beacon/expect-ct"',
156 silly get     server: 'cloudflare' } ]
157 verbose etag https://registry.npmjs.org/react-dom from cache
158 verbose get saving react-dom to /home/vr38dett/.npm/registry.npmjs.org/react-dom/.cache.json
159 http 304 https://registry.npmjs.org/@babel%2fpreset-react
160 verbose headers { date: 'Tue, 07 Jan 2020 18:42:08 GMT',
160 verbose headers   connection: 'keep-alive',
160 verbose headers   'set-cookie':
160 verbose headers    [ '__cfduid=d8ad770ce941378a54937562e07521e0f1578422528; expires=Thu, 06-Feb-20 18:42:08 GMT; path=/; domain=.npmjs.org; HttpOnly; SameSite=Lax' ],
160 verbose headers   'cf-ray': '551811e02be49400-SJC',
160 verbose headers   age: '4115',
160 verbose headers   'cache-control': 'public, max-age=300',
160 verbose headers   etag: '"b3d2b2ad0ec75e57122ba7038957b2c2"',
160 verbose headers   'last-modified': 'Fri, 22 Nov 2019 23:33:41 GMT',
160 verbose headers   vary: 'Accept-Encoding',
160 verbose headers   'cf-cache-status': 'HIT',
160 verbose headers   'expect-ct': 'max-age=604800, report-uri="https://report-uri.cloudflare.com/cdn-cgi/beacon/expect-ct"',
160 verbose headers   server: 'cloudflare' }
161 silly get cb [ 304,
161 silly get   { date: 'Tue, 07 Jan 2020 18:42:08 GMT',
161 silly get     connection: 'keep-alive',
161 silly get     'set-cookie':
161 silly get      [ '__cfduid=d8ad770ce941378a54937562e07521e0f1578422528; expires=Thu, 06-Feb-20 18:42:08 GMT; path=/; domain=.npmjs.org; HttpOnly; SameSite=Lax' ],
161 silly get     'cf-ray': '551811e02be49400-SJC',
161 silly get     age: '4115',
161 silly get     'cache-control': 'public, max-age=300',
161 silly get     etag: '"b3d2b2ad0ec75e57122ba7038957b2c2"',
161 silly get     'last-modified': 'Fri, 22 Nov 2019 23:33:41 GMT',
161 silly get     vary: 'Accept-Encoding',
161 silly get     'cf-cache-status': 'HIT',
161 silly get     'expect-ct': 'max-age=604800, report-uri="https://report-uri.cloudflare.com/cdn-cgi/beacon/expect-ct"',
161 silly get     server: 'cloudflare' } ]
162 verbose etag https://registry.npmjs.org/@babel%2fpreset-react from cache
163 verbose get saving @babel/preset-react to /home/vr38dett/.npm/registry.npmjs.org/_40babel_252fpreset-react/.cache.json
164 http 304 https://registry.npmjs.org/redux
165 verbose headers { date: 'Tue, 07 Jan 2020 18:42:08 GMT',
165 verbose headers   connection: 'keep-alive',
165 verbose headers   'set-cookie':
165 verbose headers    [ '__cfduid=d58c27b447df22c69861d0a6a0654e3dd1578422528; expires=Thu, 06-Feb-20 18:42:08 GMT; path=/; domain=.npmjs.org; HttpOnly; SameSite=Lax' ],
165 verbose headers   'cf-ray': '551811e03e73ed57-SJC',
165 verbose headers   age: '5921',
165 verbose headers   'cache-control': 'public, max-age=300',
165 verbose headers   etag: '"9272185760ee0787371049fc69f14ecb"',
165 verbose headers   'last-modified': 'Tue, 24 Dec 2019 02:23:04 GMT',
165 verbose headers   vary: 'Accept-Encoding',
165 verbose headers   'cf-cache-status': 'HIT',
165 verbose headers   'expect-ct': 'max-age=604800, report-uri="https://report-uri.cloudflare.com/cdn-cgi/beacon/expect-ct"',
165 verbose headers   server: 'cloudflare' }
166 silly get cb [ 304,
166 silly get   { date: 'Tue, 07 Jan 2020 18:42:08 GMT',
166 silly get     connection: 'keep-alive',
166 silly get     'set-cookie':
166 silly get      [ '__cfduid=d58c27b447df22c69861d0a6a0654e3dd1578422528; expires=Thu, 06-Feb-20 18:42:08 GMT; path=/; domain=.npmjs.org; HttpOnly; SameSite=Lax' ],
166 silly get     'cf-ray': '551811e03e73ed57-SJC',
166 silly get     age: '5921',
166 silly get     'cache-control': 'public, max-age=300',
166 silly get     etag: '"9272185760ee0787371049fc69f14ecb"',
166 silly get     'last-modified': 'Tue, 24 Dec 2019 02:23:04 GMT',
166 silly get     vary: 'Accept-Encoding',
166 silly get     'cf-cache-status': 'HIT',
166 silly get     'expect-ct': 'max-age=604800, report-uri="https://report-uri.cloudflare.com/cdn-cgi/beacon/expect-ct"',
166 silly get     server: 'cloudflare' } ]
167 verbose etag https://registry.npmjs.org/redux from cache
168 verbose get saving redux to /home/vr38dett/.npm/registry.npmjs.org/redux/.cache.json
169 http 304 https://registry.npmjs.org/@babel%2fpreset-env
170 verbose headers { date: 'Tue, 07 Jan 2020 18:42:08 GMT',
170 verbose headers   connection: 'keep-alive',
170 verbose headers   'set-cookie':
170 verbose headers    [ '__cfduid=d35d14a2bb70f14b9085c1f7cbb6100561578422528; expires=Thu, 06-Feb-20 18:42:08 GMT; path=/; domain=.npmjs.org; HttpOnly; SameSite=Lax' ],
170 verbose headers   'cf-ray': '551811e03ca66e36-SJC',
170 verbose headers   age: '5893',
170 verbose headers   'cache-control': 'public, max-age=300',
170 verbose headers   etag: '"b0c3f42ed5f9f5de9c2d0f17d10e7368"',
170 verbose headers   'last-modified': 'Thu, 19 Dec 2019 00:53:20 GMT',
170 verbose headers   vary: 'Accept-Encoding',
170 verbose headers   'cf-cache-status': 'HIT',
170 verbose headers   'expect-ct': 'max-age=604800, report-uri="https://report-uri.cloudflare.com/cdn-cgi/beacon/expect-ct"',
170 verbose headers   server: 'cloudflare' }
171 silly get cb [ 304,
171 silly get   { date: 'Tue, 07 Jan 2020 18:42:08 GMT',
171 silly get     connection: 'keep-alive',
171 silly get     'set-cookie':
171 silly get      [ '__cfduid=d35d14a2bb70f14b9085c1f7cbb6100561578422528; expires=Thu, 06-Feb-20 18:42:08 GMT; path=/; domain=.npmjs.org; HttpOnly; SameSite=Lax' ],
171 silly get     'cf-ray': '551811e03ca66e36-SJC',
171 silly get     age: '5893',
171 silly get     'cache-control': 'public, max-age=300',
171 silly get     etag: '"b0c3f42ed5f9f5de9c2d0f17d10e7368"',
171 silly get     'last-modified': 'Thu, 19 Dec 2019 00:53:20 GMT',
171 silly get     vary: 'Accept-Encoding',
171 silly get     'cf-cache-status': 'HIT',
171 silly get     'expect-ct': 'max-age=604800, report-uri="https://report-uri.cloudflare.com/cdn-cgi/beacon/expect-ct"',
171 silly get     server: 'cloudflare' } ]
172 verbose etag https://registry.npmjs.org/@babel%2fpreset-env from cache
173 verbose get saving @babel/preset-env to /home/vr38dett/.npm/registry.npmjs.org/_40babel_252fpreset-env/.cache.json
174 http 304 https://registry.npmjs.org/webpack-cli
175 verbose headers { date: 'Tue, 07 Jan 2020 18:42:08 GMT',
175 verbose headers   connection: 'keep-alive',
175 verbose headers   'set-cookie':
175 verbose headers    [ '__cfduid=decd3ececea8e451928e72e8e4f42eff61578422528; expires=Thu, 06-Feb-20 18:42:08 GMT; path=/; domain=.npmjs.org; HttpOnly; SameSite=Lax' ],
175 verbose headers   'cf-ray': '551811e049799316-SJC',
175 verbose headers   age: '4939',
175 verbose headers   'cache-control': 'public, max-age=300',
175 verbose headers   etag: '"467bff6f22817346bb50fd95e64813c7"',
175 verbose headers   'last-modified': 'Fri, 15 Nov 2019 15:28:23 GMT',
175 verbose headers   vary: 'Accept-Encoding',
175 verbose headers   'cf-cache-status': 'HIT',
175 verbose headers   'expect-ct': 'max-age=604800, report-uri="https://report-uri.cloudflare.com/cdn-cgi/beacon/expect-ct"',
175 verbose headers   server: 'cloudflare' }
176 silly get cb [ 304,
176 silly get   { date: 'Tue, 07 Jan 2020 18:42:08 GMT',
176 silly get     connection: 'keep-alive',
176 silly get     'set-cookie':
176 silly get      [ '__cfduid=decd3ececea8e451928e72e8e4f42eff61578422528; expires=Thu, 06-Feb-20 18:42:08 GMT; path=/; domain=.npmjs.org; HttpOnly; SameSite=Lax' ],
176 silly get     'cf-ray': '551811e049799316-SJC',
176 silly get     age: '4939',
176 silly get     'cache-control': 'public, max-age=300',
176 silly get     etag: '"467bff6f22817346bb50fd95e64813c7"',
176 silly get     'last-modified': 'Fri, 15 Nov 2019 15:28:23 GMT',
176 silly get     vary: 'Accept-Encoding',
176 silly get     'cf-cache-status': 'HIT',
176 silly get     'expect-ct': 'max-age=604800, report-uri="https://report-uri.cloudflare.com/cdn-cgi/beacon/expect-ct"',
176 silly get     server: 'cloudflare' } ]
177 verbose etag https://registry.npmjs.org/webpack-cli from cache
178 verbose get saving webpack-cli to /home/vr38dett/.npm/registry.npmjs.org/webpack-cli/.cache.json
179 http 304 https://registry.npmjs.org/@babel%2fcore
180 verbose headers { date: 'Tue, 07 Jan 2020 18:42:08 GMT',
180 verbose headers   connection: 'keep-alive',
180 verbose headers   'set-cookie':
180 verbose headers    [ '__cfduid=dbdabc1b2e041412f2994482382f28c4a1578422528; expires=Thu, 06-Feb-20 18:42:08 GMT; path=/; domain=.npmjs.org; HttpOnly; SameSite=Lax' ],
180 verbose headers   'cf-ray': '551811e04f04933a-SJC',
180 verbose headers   age: '5762',
180 verbose headers   'cache-control': 'public, max-age=300',
180 verbose headers   etag: '"85504562e05fa70d3571a86832e5c2b9"',
180 verbose headers   'last-modified': 'Thu, 19 Dec 2019 00:53:25 GMT',
180 verbose headers   vary: 'Accept-Encoding',
180 verbose headers   'cf-cache-status': 'HIT',
180 verbose headers   'expect-ct': 'max-age=604800, report-uri="https://report-uri.cloudflare.com/cdn-cgi/beacon/expect-ct"',
180 verbose headers   server: 'cloudflare' }
181 silly get cb [ 304,
181 silly get   { date: 'Tue, 07 Jan 2020 18:42:08 GMT',
181 silly get     connection: 'keep-alive',
181 silly get     'set-cookie':
181 silly get      [ '__cfduid=dbdabc1b2e041412f2994482382f28c4a1578422528; expires=Thu, 06-Feb-20 18:42:08 GMT; path=/; domain=.npmjs.org; HttpOnly; SameSite=Lax' ],
181 silly get     'cf-ray': '551811e04f04933a-SJC',
181 silly get     age: '5762',
181 silly get     'cache-control': 'public, max-age=300',
181 silly get     etag: '"85504562e05fa70d3571a86832e5c2b9"',
181 silly get     'last-modified': 'Thu, 19 Dec 2019 00:53:25 GMT',
181 silly get     vary: 'Accept-Encoding',
181 silly get     'cf-cache-status': 'HIT',
181 silly get     'expect-ct': 'max-age=604800, report-uri="https://report-uri.cloudflare.com/cdn-cgi/beacon/expect-ct"',
181 silly get     server: 'cloudflare' } ]
182 verbose etag https://registry.npmjs.org/@babel%2fcore from cache
183 verbose get saving @babel/core to /home/vr38dett/.npm/registry.npmjs.org/_40babel_252fcore/.cache.json
184 http 200 https://registry.npmjs.org/wepack
185 verbose headers { date: 'Tue, 07 Jan 2020 18:42:08 GMT',
185 verbose headers   'content-type': 'application/json; charset=UTF-8',
185 verbose headers   'transfer-encoding': 'chunked',
185 verbose headers   connection: 'keep-alive',
185 verbose headers   'set-cookie':
185 verbose headers    [ '__cfduid=dd2ebdfa435b4b5f0148fa60b5145e2201578422528; expires=Thu, 06-Feb-20 18:42:08 GMT; path=/; domain=.npmjs.org; HttpOnly; SameSite=Lax' ],
185 verbose headers   'cf-ray': '551811e02bc693d0-SJC',
185 verbose headers   'cache-control': 'public, max-age=300',
185 verbose headers   etag: 'W/"131e18e2f804ba4614c0202fd0727673"',
185 verbose headers   'last-modified': 'Sun, 27 May 2018 21:54:35 GMT',
185 verbose headers   vary: 'accept-encoding, accept',
185 verbose headers   'cf-cache-status': 'MISS',
185 verbose headers   'expect-ct': 'max-age=604800, report-uri="https://report-uri.cloudflare.com/cdn-cgi/beacon/expect-ct"',
185 verbose headers   server: 'cloudflare',
185 verbose headers   'content-encoding': 'gzip' }
186 silly get cb [ 200,
186 silly get   { date: 'Tue, 07 Jan 2020 18:42:08 GMT',
186 silly get     'content-type': 'application/json; charset=UTF-8',
186 silly get     'transfer-encoding': 'chunked',
186 silly get     connection: 'keep-alive',
186 silly get     'set-cookie':
186 silly get      [ '__cfduid=dd2ebdfa435b4b5f0148fa60b5145e2201578422528; expires=Thu, 06-Feb-20 18:42:08 GMT; path=/; domain=.npmjs.org; HttpOnly; SameSite=Lax' ],
186 silly get     'cf-ray': '551811e02bc693d0-SJC',
186 silly get     'cache-control': 'public, max-age=300',
186 silly get     etag: 'W/"131e18e2f804ba4614c0202fd0727673"',
186 silly get     'last-modified': 'Sun, 27 May 2018 21:54:35 GMT',
186 silly get     vary: 'accept-encoding, accept',
186 silly get     'cf-cache-status': 'MISS',
186 silly get     'expect-ct': 'max-age=604800, report-uri="https://report-uri.cloudflare.com/cdn-cgi/beacon/expect-ct"',
186 silly get     server: 'cloudflare',
186 silly get     'content-encoding': 'gzip' } ]
187 verbose get saving wepack to /home/vr38dett/.npm/registry.npmjs.org/wepack/.cache.json
188 silly rollbackFailedOptional Starting
189 silly rollbackFailedOptional Finishing
190 silly runTopLevelLifecycles Starting
191 silly runTopLevelLifecycles Finishing
192 silly install printInstalled
193 verbose stack Error: ENOENT: no such file or directory, open '/home/vr38dett/aA/fsp/LittleJohn/@babel-loader'
194 verbose cwd /home/vr38dett/aA/fsp/LittleJohn
195 error Linux 5.1.15-surface-linux-surface
196 error argv "/usr/bin/node" "/usr/bin/npm" "install" "--save" "wepack" "webpack-cli" "react" "react-dom" "react-redux" "redux" "redux-logger" "@babel/core" "@babel/preset-react" "@babel/preset-env" "@babel-loader"
197 error node v8.10.0
198 error npm  v3.5.2
199 error path /home/vr38dett/aA/fsp/LittleJohn/@babel-loader
200 error code ENOENT
201 error errno -2
202 error syscall open
203 error enoent ENOENT: no such file or directory, open '/home/vr38dett/aA/fsp/LittleJohn/@babel-loader'
204 error enoent ENOENT: no such file or directory, open '/home/vr38dett/aA/fsp/LittleJohn/@babel-loader'
204 error enoent This is most likely not a problem with npm itself
204 error enoent and is related to npm not being able to find a file.
205 verbose exit [ -2, true ]
